# JRE version: OpenJDK Runtime Environment Temurin-17.0.13+11 (17.0.13+11) (build 17.0.13+11)
# Java VM: OpenJDK 64-Bit Server VM Temurin-17.0.13+11 (17.0.13+11, mixed mode, tiered, compressed oops, compressed class ptrs, parallel gc, windows-amd64)
GC Precious Log:
 CPUs: 8 total, 8 available
 Memory: 7934M
 Large Page Support: Disabled
 NUMA Support: Disabled
 Compressed Oops: Enabled (32-bit)
 Alignments: Space 512K, Generation 512K, Heap 2M
 Heap Min Capacity: 100M
 Heap Initial Capacity: 100M
 Heap Max Capacity: 1G
 Pre-touch: Disabled
 Parallel Workers: 8
Heap:
 PSYoungGen      total 24576K, used 11284K [0x00000000eab00000, 0x00000000ec980000, 0x0000000100000000)
  eden space 19968K, 47% used [0x00000000eab00000,0x00000000eb437e58,0x00000000ebe80000)
  from space 4608K, 40% used [0x00000000ec500000,0x00000000ec6cd1a8,0x00000000ec980000)
  to   space 5632K, 0% used [0x00000000ebe80000,0x00000000ebe80000,0x00000000ec400000)
 ParOldGen       total 266240K, used 217314K [0x00000000c0000000, 0x00000000d0400000, 0x00000000eab00000)
  object space 266240K, 81% used [0x00000000c0000000,0x00000000cd438a40,0x00000000d0400000)
 Metaspace       used 55328K, committed 56384K, reserved 1114112K
  class space    used 5887K, committed 6336K, reserved 1048576K
GC Heap History (20 events):
Event: 20.369 GC heap before
{Heap before GC invocations=111 (full 7):
 PSYoungGen      total 11776K, used 11745K [0x00000000eab00000, 0x00000000ebd80000, 0x0000000100000000)
  eden space 9728K, 100% used [0x00000000eab00000,0x00000000eb480000,0x00000000eb480000)
  from space 2048K, 98% used [0x00000000eb480000,0x00000000eb678468,0x00000000eb680000)
  to   space 4608K, 0% used [0x00000000eb900000,0x00000000eb900000,0x00000000ebd80000)
 ParOldGen       total 217600K, used 191362K [0x00000000c0000000, 0x00000000cd480000, 0x00000000eab00000)
  object space 217600K, 87% used [0x00000000c0000000,0x00000000cbae0b78,0x00000000cd480000)
 Metaspace       used 55327K, committed 56384K, reserved 1114112K
  class space    used 5887K, committed 6336K, reserved 1048576K
}
Event: 20.373 GC heap after
{Heap after GC invocations=111 (full 7):
 PSYoungGen      total 14336K, used 2290K [0x00000000eab00000, 0x00000000ebc00000, 0x0000000100000000)
  eden space 11264K, 0% used [0x00000000eab00000,0x00000000eab00000,0x00000000eb600000)
  from space 3072K, 74% used [0x00000000eb900000,0x00000000ebb3cb98,0x00000000ebc00000)
  to   space 3072K, 0% used [0x00000000eb600000,0x00000000eb600000,0x00000000eb900000)
 ParOldGen       total 217600K, used 193365K [0x00000000c0000000, 0x00000000cd480000, 0x00000000eab00000)
  object space 217600K, 88% used [0x00000000c0000000,0x00000000cbcd57c8,0x00000000cd480000)
 Metaspace       used 55327K, committed 56384K, reserved 1114112K
  class space    used 5887K, committed 6336K, reserved 1048576K
}
Event: 20.401 GC heap before
{Heap before GC invocations=112 (full 7):
 PSYoungGen      total 14336K, used 13554K [0x00000000eab00000, 0x00000000ebc00000, 0x0000000100000000)
  eden space 11264K, 100% used [0x00000000eab00000,0x00000000eb600000,0x00000000eb600000)
  from space 3072K, 74% used [0x00000000eb900000,0x00000000ebb3cb98,0x00000000ebc00000)
  to   space 3072K, 0% used [0x00000000eb600000,0x00000000eb600000,0x00000000eb900000)
 ParOldGen       total 217600K, used 193365K [0x00000000c0000000, 0x00000000cd480000, 0x00000000eab00000)
  object space 217600K, 88% used [0x00000000c0000000,0x00000000cbcd57c8,0x00000000cd480000)
 Metaspace       used 55327K, committed 56384K, reserved 1114112K
  class space    used 5887K, committed 6336K, reserved 1048576K
}
Event: 20.405 GC heap after
{Heap after GC invocations=112 (full 7):
 PSYoungGen      total 14336K, used 2611K [0x00000000eab00000, 0x00000000ebd80000, 0x0000000100000000)
  eden space 11264K, 0% used [0x00000000eab00000,0x00000000eab00000,0x00000000eb600000)
  from space 3072K, 85% used [0x00000000eb600000,0x00000000eb88cff0,0x00000000eb900000)
  to   space 3072K, 0% used [0x00000000eba80000,0x00000000eba80000,0x00000000ebd80000)
 ParOldGen       total 217600K, used 195592K [0x00000000c0000000, 0x00000000cd480000, 0x00000000eab00000)
  object space 217600K, 89% used [0x00000000c0000000,0x00000000cbf02368,0x00000000cd480000)
 Metaspace       used 55327K, committed 56384K, reserved 1114112K
  class space    used 5887K, committed 6336K, reserved 1048576K
}
Event: 20.440 GC heap before
{Heap before GC invocations=113 (full 7):
 PSYoungGen      total 14336K, used 13875K [0x00000000eab00000, 0x00000000ebd80000, 0x0000000100000000)
  eden space 11264K, 100% used [0x00000000eab00000,0x00000000eb600000,0x00000000eb600000)
  from space 3072K, 85% used [0x00000000eb600000,0x00000000eb88cff0,0x00000000eb900000)
  to   space 3072K, 0% used [0x00000000eba80000,0x00000000eba80000,0x00000000ebd80000)
 ParOldGen       total 217600K, used 195592K [0x00000000c0000000, 0x00000000cd480000, 0x00000000eab00000)
  object space 217600K, 89% used [0x00000000c0000000,0x00000000cbf02368,0x00000000cd480000)
 Metaspace       used 55327K, committed 56384K, reserved 1114112K
  class space    used 5887K, committed 6336K, reserved 1048576K
}
Event: 20.444 GC heap after
{Heap after GC invocations=113 (full 7):
 PSYoungGen      total 15872K, used 2626K [0x00000000eab00000, 0x00000000ebd80000, 0x0000000100000000)
  eden space 12800K, 0% used [0x00000000eab00000,0x00000000eab00000,0x00000000eb780000)
  from space 3072K, 85% used [0x00000000eba80000,0x00000000ebd108b0,0x00000000ebd80000)
  to   space 3072K, 0% used [0x00000000eb780000,0x00000000eb780000,0x00000000eba80000)
 ParOldGen       total 217600K, used 198131K [0x00000000c0000000, 0x00000000cd480000, 0x00000000eab00000)
  object space 217600K, 91% used [0x00000000c0000000,0x00000000cc17ccd8,0x00000000cd480000)
 Metaspace       used 55327K, committed 56384K, reserved 1114112K
  class space    used 5887K, committed 6336K, reserved 1048576K
}
Event: 20.494 GC heap before
{Heap before GC invocations=114 (full 7):
 PSYoungGen      total 15872K, used 15426K [0x00000000eab00000, 0x00000000ebd80000, 0x0000000100000000)
  eden space 12800K, 100% used [0x00000000eab00000,0x00000000eb780000,0x00000000eb780000)
  from space 3072K, 85% used [0x00000000eba80000,0x00000000ebd108b0,0x00000000ebd80000)
  to   space 3072K, 0% used [0x00000000eb780000,0x00000000eb780000,0x00000000eba80000)
 ParOldGen       total 217600K, used 198131K [0x00000000c0000000, 0x00000000cd480000, 0x00000000eab00000)
  object space 217600K, 91% used [0x00000000c0000000,0x00000000cc17ccd8,0x00000000cd480000)
 Metaspace       used 55327K, committed 56384K, reserved 1114112K
  class space    used 5887K, committed 6336K, reserved 1048576K
}
Event: 20.500 GC heap after
{Heap after GC invocations=114 (full 7):
 PSYoungGen      total 15872K, used 3009K [0x00000000eab00000, 0x00000000ec000000, 0x0000000100000000)
  eden space 12800K, 0% used [0x00000000eab00000,0x00000000eab00000,0x00000000eb780000)
  from space 3072K, 97% used [0x00000000eb780000,0x00000000eba704c0,0x00000000eba80000)
  to   space 3584K, 0% used [0x00000000ebc80000,0x00000000ebc80000,0x00000000ec000000)
 ParOldGen       total 217600K, used 200560K [0x00000000c0000000, 0x00000000cd480000, 0x00000000eab00000)
  object space 217600K, 92% used [0x00000000c0000000,0x00000000cc3dc1f8,0x00000000cd480000)
 Metaspace       used 55327K, committed 56384K, reserved 1114112K
  class space    used 5887K, committed 6336K, reserved 1048576K
}
Event: 20.532 GC heap before
{Heap before GC invocations=115 (full 7):
 PSYoungGen      total 15872K, used 15809K [0x00000000eab00000, 0x00000000ec000000, 0x0000000100000000)
  eden space 12800K, 100% used [0x00000000eab00000,0x00000000eb780000,0x00000000eb780000)
  from space 3072K, 97% used [0x00000000eb780000,0x00000000eba704c0,0x00000000eba80000)
  to   space 3584K, 0% used [0x00000000ebc80000,0x00000000ebc80000,0x00000000ec000000)
 ParOldGen       total 217600K, used 200560K [0x00000000c0000000, 0x00000000cd480000, 0x00000000eab00000)
  object space 217600K, 92% used [0x00000000c0000000,0x00000000cc3dc1f8,0x00000000cd480000)
 Metaspace       used 55327K, committed 56384K, reserved 1114112K
  class space    used 5887K, committed 6336K, reserved 1048576K
}
Event: 20.536 GC heap after
{Heap after GC invocations=115 (full 7):
 PSYoungGen      total 17408K, used 2893K [0x00000000eab00000, 0x00000000ebf80000, 0x0000000100000000)
  eden space 14336K, 0% used [0x00000000eab00000,0x00000000eab00000,0x00000000eb900000)
  from space 3072K, 94% used [0x00000000ebc80000,0x00000000ebf535a0,0x00000000ebf80000)
  to   space 3072K, 0% used [0x00000000eb980000,0x00000000eb980000,0x00000000ebc80000)
 ParOldGen       total 217600K, used 203399K [0x00000000c0000000, 0x00000000cd480000, 0x00000000eab00000)
  object space 217600K, 93% used [0x00000000c0000000,0x00000000cc6a1f68,0x00000000cd480000)
 Metaspace       used 55327K, committed 56384K, reserved 1114112K
  class space    used 5887K, committed 6336K, reserved 1048576K
}
Event: 20.586 GC heap before
{Heap before GC invocations=116 (full 7):
 PSYoungGen      total 17408K, used 17229K [0x00000000eab00000, 0x00000000ebf80000, 0x0000000100000000)
  eden space 14336K, 100% used [0x00000000eab00000,0x00000000eb900000,0x00000000eb900000)
  from space 3072K, 94% used [0x00000000ebc80000,0x00000000ebf535a0,0x00000000ebf80000)
  to   space 3072K, 0% used [0x00000000eb980000,0x00000000eb980000,0x00000000ebc80000)
 ParOldGen       total 217600K, used 203399K [0x00000000c0000000, 0x00000000cd480000, 0x00000000eab00000)
  object space 217600K, 93% used [0x00000000c0000000,0x00000000cc6a1f68,0x00000000cd480000)
 Metaspace       used 55327K, committed 56384K, reserved 1114112K
  class space    used 5887K, committed 6336K, reserved 1048576K
}
Event: 20.591 GC heap after
{Heap after GC invocations=116 (full 7):
 PSYoungGen      total 17920K, used 3051K [0x00000000eab00000, 0x00000000ec880000, 0x0000000100000000)
  eden space 14848K, 0% used [0x00000000eab00000,0x00000000eab00000,0x00000000eb980000)
  from space 3072K, 99% used [0x00000000eb980000,0x00000000ebc7acc0,0x00000000ebc80000)
  to   space 7168K, 0% used [0x00000000ec180000,0x00000000ec180000,0x00000000ec880000)
 ParOldGen       total 217600K, used 206593K [0x00000000c0000000, 0x00000000cd480000, 0x00000000eab00000)
  object space 217600K, 94% used [0x00000000c0000000,0x00000000cc9c0790,0x00000000cd480000)
 Metaspace       used 55327K, committed 56384K, reserved 1114112K
  class space    used 5887K, committed 6336K, reserved 1048576K
}
Event: 20.645 GC heap before
{Heap before GC invocations=117 (full 7):
 PSYoungGen      total 17920K, used 17899K [0x00000000eab00000, 0x00000000ec880000, 0x0000000100000000)
  eden space 14848K, 100% used [0x00000000eab00000,0x00000000eb980000,0x00000000eb980000)
  from space 3072K, 99% used [0x00000000eb980000,0x00000000ebc7acc0,0x00000000ebc80000)
  to   space 7168K, 0% used [0x00000000ec180000,0x00000000ec180000,0x00000000ec880000)
 ParOldGen       total 217600K, used 206593K [0x00000000c0000000, 0x00000000cd480000, 0x00000000eab00000)
  object space 217600K, 94% used [0x00000000c0000000,0x00000000cc9c0790,0x00000000cd480000)
 Metaspace       used 55328K, committed 56384K, reserved 1114112K
  class space    used 5887K, committed 6336K, reserved 1048576K
}
Event: 20.651 GC heap after
{Heap after GC invocations=117 (full 7):
 PSYoungGen      total 19968K, used 3448K [0x00000000eab00000, 0x00000000ec500000, 0x0000000100000000)
  eden space 16384K, 0% used [0x00000000eab00000,0x00000000eab00000,0x00000000ebb00000)
  from space 3584K, 96% used [0x00000000ec180000,0x00000000ec4de300,0x00000000ec500000)
  to   space 4608K, 0% used [0x00000000ebc00000,0x00000000ebc00000,0x00000000ec080000)
 ParOldGen       total 217600K, used 209482K [0x00000000c0000000, 0x00000000cd480000, 0x00000000eab00000)
  object space 217600K, 96% used [0x00000000c0000000,0x00000000ccc928a0,0x00000000cd480000)
 Metaspace       used 55328K, committed 56384K, reserved 1114112K
  class space    used 5887K, committed 6336K, reserved 1048576K
}
Event: 20.696 GC heap before
{Heap before GC invocations=118 (full 7):
 PSYoungGen      total 19968K, used 19832K [0x00000000eab00000, 0x00000000ec500000, 0x0000000100000000)
  eden space 16384K, 100% used [0x00000000eab00000,0x00000000ebb00000,0x00000000ebb00000)
  from space 3584K, 96% used [0x00000000ec180000,0x00000000ec4de300,0x00000000ec500000)
  to   space 4608K, 0% used [0x00000000ebc00000,0x00000000ebc00000,0x00000000ec080000)
 ParOldGen       total 217600K, used 209482K [0x00000000c0000000, 0x00000000cd480000, 0x00000000eab00000)
  object space 217600K, 96% used [0x00000000c0000000,0x00000000ccc928a0,0x00000000cd480000)
 Metaspace       used 55328K, committed 56384K, reserved 1114112K
  class space    used 5887K, committed 6336K, reserved 1048576K
}
Event: 20.701 GC heap after
{Heap after GC invocations=118 (full 7):
 PSYoungGen      total 22016K, used 4605K [0x00000000eab00000, 0x00000000ecd00000, 0x0000000100000000)
  eden space 17408K, 0% used [0x00000000eab00000,0x00000000eab00000,0x00000000ebc00000)
  from space 4608K, 99% used [0x00000000ebc00000,0x00000000ec07f588,0x00000000ec080000)
  to   space 8192K, 0% used [0x00000000ec500000,0x00000000ec500000,0x00000000ecd00000)
 ParOldGen       total 217600K, used 212058K [0x00000000c0000000, 0x00000000cd480000, 0x00000000eab00000)
  object space 217600K, 97% used [0x00000000c0000000,0x00000000ccf16be8,0x00000000cd480000)
 Metaspace       used 55328K, committed 56384K, reserved 1114112K
  class space    used 5887K, committed 6336K, reserved 1048576K
}
Event: 20.749 GC heap before
{Heap before GC invocations=119 (full 7):
 PSYoungGen      total 22016K, used 22013K [0x00000000eab00000, 0x00000000ecd00000, 0x0000000100000000)
  eden space 17408K, 100% used [0x00000000eab00000,0x00000000ebc00000,0x00000000ebc00000)
  from space 4608K, 99% used [0x00000000ebc00000,0x00000000ec07f588,0x00000000ec080000)
  to   space 8192K, 0% used [0x00000000ec500000,0x00000000ec500000,0x00000000ecd00000)
 ParOldGen       total 217600K, used 212058K [0x00000000c0000000, 0x00000000cd480000, 0x00000000eab00000)
  object space 217600K, 97% used [0x00000000c0000000,0x00000000ccf16be8,0x00000000cd480000)
 Metaspace       used 55328K, committed 56384K, reserved 1114112K
  class space    used 5887K, committed 6336K, reserved 1048576K
}
Event: 20.861 GC heap after
{Heap after GC invocations=119 (full 7):
 PSYoungGen      total 24576K, used 4039K [0x00000000eab00000, 0x00000000ec980000, 0x0000000100000000)
  eden space 19968K, 0% used [0x00000000eab00000,0x00000000eab00000,0x00000000ebe80000)
  from space 4608K, 87% used [0x00000000ec500000,0x00000000ec8f1d90,0x00000000ec980000)
  to   space 5632K, 0% used [0x00000000ebe80000,0x00000000ebe80000,0x00000000ec400000)
 ParOldGen       total 217600K, used 216376K [0x00000000c0000000, 0x00000000cd480000, 0x00000000eab00000)
  object space 217600K, 99% used [0x00000000c0000000,0x00000000cd34e300,0x00000000cd480000)
 Metaspace       used 55328K, committed 56384K, reserved 1114112K
  class space    used 5887K, committed 6336K, reserved 1048576K
}
Event: 20.927 GC heap before
{Heap before GC invocations=120 (full 8):
 PSYoungGen      total 24576K, used 24007K [0x00000000eab00000, 0x00000000ec980000, 0x0000000100000000)
  eden space 19968K, 100% used [0x00000000eab00000,0x00000000ebe80000,0x00000000ebe80000)
  from space 4608K, 87% used [0x00000000ec500000,0x00000000ec8f1d90,0x00000000ec980000)
  to   space 5632K, 0% used [0x00000000ebe80000,0x00000000ebe80000,0x00000000ec400000)
 ParOldGen       total 217600K, used 216376K [0x00000000c0000000, 0x00000000cd480000, 0x00000000eab00000)
  object space 217600K, 99% used [0x00000000c0000000,0x00000000cd34e300,0x00000000cd480000)
 Metaspace       used 55328K, committed 56384K, reserved 1114112K
  class space    used 5887K, committed 6336K, reserved 1048576K
}
Event: 21.099 GC heap after
{Heap after GC invocations=120 (full 8):
 PSYoungGen      total 24576K, used 1844K [0x00000000eab00000, 0x00000000ec980000, 0x0000000100000000)
  eden space 19968K, 0% used [0x00000000eab00000,0x00000000eab00000,0x00000000ebe80000)
  from space 4608K, 40% used [0x00000000ec500000,0x00000000ec6cd1a8,0x00000000ec980000)
  to   space 5632K, 0% used [0x00000000ebe80000,0x00000000ebe80000,0x00000000ec400000)
 ParOldGen       total 266240K, used 217314K [0x00000000c0000000, 0x00000000d0400000, 0x00000000eab00000)
  object space 266240K, 81% used [0x00000000c0000000,0x00000000cd438a40,0x00000000d0400000)
 Metaspace       used 55328K, committed 56384K, reserved 1114112K
  class space    used 5887K, committed 6336K, reserved 1048576K
}

